2025-07-10 06:57:40,137 - AlphabowRiskAssessmentV3 - INFO - AlphabowRiskAssessmentV3 initialized
2025-07-10 06:57:40,137 - AlphabowRiskAssessmentV3 - INFO - Loading data files...
2025-07-10 06:57:40,141 - AlphabowRiskAssessmentV3 - INFO - Loaded production data: 864 records
2025-07-10 06:57:40,144 - AlphabowRiskAssessmentV3 - INFO - Loaded pipeline data: 111 records
2025-07-10 06:57:40,328 - AlphabowRiskAssessmentV3 - INFO - Loaded CP survey data: 418 records
2025-07-10 06:57:40,329 - AlphabowRiskAssessmentV3 - INFO - Loaded updated_well_list.csv: 110 records
2025-07-10 06:57:40,331 - AlphabowRiskAssessmentV3 - INFO - Loaded second_white_specks_well_info.csv: 7 records
2025-07-10 06:57:40,335 - AlphabowRiskAssessmentV3 - INFO - Loaded second_white_specks_well_production.csv: 1726 records
2025-07-10 06:57:40,336 - AlphabowRiskAssessmentV3 - INFO - Validating risk matrix...
2025-07-10 06:57:40,336 - AlphabowRiskAssessmentV3 - INFO - Risk matrix validation complete. Valid: True
2025-07-10 06:57:40,336 - AlphabowRiskAssessmentV3 - INFO - Calculating production statistics...
2025-07-10 06:57:40,910 - AlphabowRiskAssessmentV3 - INFO - Calculated statistics for 52 wells
2025-07-10 06:57:40,910 - AlphabowRiskAssessmentV3 - INFO - Generating data quality report...
2025-07-10 06:57:40,913 - AlphabowRiskAssessmentV3 - INFO - Data quality report generated. Completeness score: 0.97
2025-07-10 06:57:40,913 - AlphabowRiskAssessmentV3 - INFO - Generating dashboard-ready data...
2025-07-10 06:57:40,917 - AlphabowRiskAssessmentV3 - INFO - Dashboard data generated successfully
2025-07-10 06:57:50,424 - __main__ - INFO - AlphabowRiskAssessmentV3 initialized
2025-07-10 06:57:50,424 - __main__ - INFO - === Starting AlphabowRiskAssessmentV3 Analysis ===
2025-07-10 06:57:50,424 - __main__ - INFO - Loading data files...
2025-07-10 06:57:50,428 - __main__ - INFO - Loaded production data: 864 records
2025-07-10 06:57:50,431 - __main__ - INFO - Loaded pipeline data: 111 records
2025-07-10 06:57:50,561 - __main__ - INFO - Loaded CP survey data: 418 records
2025-07-10 06:57:50,562 - __main__ - INFO - Loaded updated_well_list.csv: 110 records
2025-07-10 06:57:50,564 - __main__ - INFO - Loaded second_white_specks_well_info.csv: 7 records
2025-07-10 06:57:50,569 - __main__ - INFO - Loaded second_white_specks_well_production.csv: 1726 records
2025-07-10 06:57:50,569 - __main__ - INFO - Validating risk matrix...
2025-07-10 06:57:50,569 - __main__ - INFO - Risk matrix validation complete. Valid: True
2025-07-10 06:57:50,569 - __main__ - INFO - Creating production-to-pipeline mapping...
2025-07-10 06:57:53,047 - __main__ - INFO - Created 4320 production-pipeline mappings
2025-07-10 06:57:53,050 - __main__ - INFO - Created 4320 production-pipeline mappings
2025-07-10 06:57:53,050 - __main__ - INFO - Calculating production statistics...
2025-07-10 06:57:53,623 - __main__ - INFO - Calculated statistics for 52 wells
2025-07-10 06:57:53,623 - __main__ - INFO - Calculated statistics for 52 wells
2025-07-10 06:57:53,623 - __main__ - INFO - Generating data quality report...
2025-07-10 06:57:53,625 - __main__ - INFO - Data quality report generated. Completeness score: 0.97
2025-07-10 06:57:53,625 - __main__ - INFO - Data quality score: 0.97
2025-07-10 06:57:53,626 - __main__ - INFO - Performing sensitivity analysis...
2025-07-10 06:57:53,654 - __main__ - INFO - Sensitivity analysis completed
2025-07-10 06:57:53,654 - __main__ - INFO - Sensitivity analysis completed
2025-07-10 06:57:53,654 - __main__ - INFO - Generating dashboard-ready data...
2025-07-10 06:57:53,659 - __main__ - INFO - Dashboard data generated successfully
2025-07-10 06:57:53,659 - __main__ - INFO - Dashboard data generated
2025-07-10 06:57:53,660 - __main__ - INFO - Validating risk matrix...
2025-07-10 06:57:53,660 - __main__ - INFO - Risk matrix validation complete. Valid: True
2025-07-10 06:57:53,660 - __main__ - INFO - Validation status: valid
2025-07-10 06:57:53,662 - __main__ - INFO - Validating risk matrix...
2025-07-10 06:57:53,663 - __main__ - INFO - Risk matrix validation complete. Valid: True
2025-07-10 06:57:53,663 - __main__ - INFO - Results saved to results
2025-07-10 06:57:53,663 - __main__ - INFO - === AlphabowRiskAssessmentV3 Analysis Complete ===
2025-07-10 07:01:08,969 - AlphabowRiskAssessmentV3 - INFO - AlphabowRiskAssessmentV3 initialized
2025-07-10 07:01:08,969 - AlphabowRiskAssessmentV3 - INFO - Loading data files...
2025-07-10 07:01:08,973 - AlphabowRiskAssessmentV3 - INFO - Loaded production data: 864 records
2025-07-10 07:01:08,976 - AlphabowRiskAssessmentV3 - INFO - Loaded pipeline data: 111 records
2025-07-10 07:01:09,105 - AlphabowRiskAssessmentV3 - INFO - Loaded CP survey data: 418 records
2025-07-10 07:01:09,107 - AlphabowRiskAssessmentV3 - INFO - Loaded updated_well_list.csv: 110 records
2025-07-10 07:01:09,108 - AlphabowRiskAssessmentV3 - INFO - Loaded second_white_specks_well_info.csv: 7 records
2025-07-10 07:01:09,113 - AlphabowRiskAssessmentV3 - INFO - Loaded second_white_specks_well_production.csv: 1726 records
2025-07-10 07:01:09,113 - AlphabowRiskAssessmentV3 - INFO - Validating risk matrix...
2025-07-10 07:01:09,113 - AlphabowRiskAssessmentV3 - INFO - Risk matrix validation complete. Valid: True
2025-07-10 07:01:09,113 - AlphabowRiskAssessmentV3 - INFO - Calculating production statistics...
2025-07-10 07:01:09,678 - AlphabowRiskAssessmentV3 - INFO - Calculated statistics for 52 wells
2025-07-10 07:01:09,678 - AlphabowRiskAssessmentV3 - INFO - Generating data quality report...
2025-07-10 07:01:09,681 - AlphabowRiskAssessmentV3 - INFO - Data quality report generated. Completeness score: 0.97
2025-07-10 07:01:09,681 - AlphabowRiskAssessmentV3 - INFO - Performing sensitivity analysis...
2025-07-10 07:01:09,710 - AlphabowRiskAssessmentV3 - INFO - Sensitivity analysis completed
2025-07-10 07:01:09,710 - AlphabowRiskAssessmentV3 - INFO - Generating dashboard-ready data...
2025-07-10 07:01:09,715 - AlphabowRiskAssessmentV3 - INFO - Dashboard data generated successfully
2025-07-10 07:01:09,716 - AlphabowRiskAssessmentV3 - INFO - Validating risk matrix...
2025-07-10 07:01:09,716 - AlphabowRiskAssessmentV3 - INFO - Risk matrix validation complete. Valid: True
2025-07-10 07:01:09,716 - AlphabowRiskAssessmentV3 - INFO - Creating production-to-pipeline mapping...
2025-07-10 07:01:12,225 - AlphabowRiskAssessmentV3 - INFO - Created 4320 production-pipeline mappings
2025-07-10 07:01:12,231 - AlphabowRiskAssessmentV3 - INFO - Validating risk matrix...
2025-07-10 07:01:12,231 - AlphabowRiskAssessmentV3 - INFO - Risk matrix validation complete. Valid: True
2025-07-10 07:01:12,231 - AlphabowRiskAssessmentV3 - INFO - Results saved to example_results
