2025-07-10 07:44:18,367 - INFO - Starting Alphabow Risk Assessment V3...
2025-07-10 07:44:18,367 - INFO - Loading data files from alphabow_files
2025-07-10 07:44:18,367 - INFO - Loading well_production.csv...
2025-07-10 07:44:18,371 - INFO - Successfully loaded well_production.csv: 864 rows, 21 columns
2025-07-10 07:44:18,372 - INFO - Loading pipelines_list.csv...
2025-07-10 07:44:18,374 - INFO - Successfully loaded pipelines_list.csv: 111 rows, 48 columns
2025-07-10 07:44:18,374 - INFO - Loading pipeline_cp_survey.csv...
2025-07-10 07:44:18,376 - INFO - Successfully loaded pipeline_cp_survey.csv: 418 rows, 18 columns
2025-07-10 07:44:18,376 - INFO - Loading soil_pipe_potentials.csv...
2025-07-10 07:44:18,377 - INFO - Successfully loaded soil_pipe_potentials.csv: 10 rows, 10 columns
2025-07-10 07:44:18,377 - INFO - Loading gas_analysis_list.csv...
2025-07-10 07:44:18,379 - INFO - Successfully loaded gas_analysis_list.csv: 97 rows, 40 columns
2025-07-10 07:44:18,379 - INFO - Loading well_info.csv...
2025-07-10 07:44:18,381 - INFO - Successfully loaded well_info.csv: 7 rows, 45 columns
2025-07-10 07:44:18,381 - INFO - All data files loaded successfully
2025-07-10 07:44:18,381 - INFO - Validating data integrity...
2025-07-10 07:44:18,382 - INFO - well_production validation: {'total_records': 864, 'unique_wells': 52, 'date_range': '2022-01-01 to 2023-12-01'}
2025-07-10 07:44:18,382 - INFO - pipelines_list validation: {'total_pipelines': 111, 'unique_licenses': 38, 'operating_status': {'Operating': 97, 'Discontinued': 13, 'Abandoned': 1}}
2025-07-10 07:44:18,382 - INFO - gas_analysis_list validation: {'total_analyses': 97, 'unique_wells': 47}
2025-07-10 07:44:18,382 - INFO - Generating comprehensive risk assessment...
2025-07-10 07:44:18,382 - INFO - Calculating production-based risk factors...
2025-07-10 07:44:18,390 - INFO - Calculated production risk factors for 52 wells
2025-07-10 07:44:18,390 - INFO - Calculating pipeline integrity risk factors...
2025-07-10 07:44:18,434 - INFO - Calculated integrity risk factors for 111 pipelines
2025-07-10 07:44:18,434 - INFO - Calculating corrosion risk factors...
2025-07-10 07:44:18,435 - INFO - Integrating CP survey data with 418 records
2025-07-10 07:44:18,435 - INFO - Calculated corrosion risk factors for 10 locations
2025-07-10 07:44:18,435 - INFO - Calculating gas composition risk factors...
2025-07-10 07:44:18,441 - INFO - Calculated gas composition risk factors for 47 wells
2025-07-10 07:44:18,442 - INFO - Generated comprehensive risk assessment for 192 assets
2025-07-10 07:44:18,442 - INFO - Generating risk assessment report: alphabow_risk_assessment_report_20250710_074418.txt
2025-07-10 07:44:18,443 - INFO - Risk assessment report saved to alphabow_risk_assessment_report_20250710_074418.txt
2025-07-10 07:44:18,443 - INFO - Risk assessment completed successfully!
2025-07-10 07:44:18,443 - INFO - Report generated: alphabow_risk_assessment_report_20250710_074418.txt
